[INFO] 슬롯: post_close, 시각: 2026-05-31T08:57:00Z
[INFO] 기술적 데이터 수집 중...
[INFO] 심리 데이터 로드 중...
[INFO] Grok 호출 중...
[INFO] 저장 완료: /Users/jerry/dev/market-sentiment-data/brief/latest.json, /Users/jerry/dev/market-sentiment-data/brief/history/2026-05-31_post_close.json
[INFO] 커밋 완료: brief: 2026-05-31 08:57 update (with context)
[OK] GitHub push 성공
[OK] Brief 수집 + GitHub push 완료 (최신 context 반영됨)
[INFO] 슬롯: pre_open, 시각: 2026-05-31T13:30:01Z
[INFO] 기술적 데이터 수집 중...
[INFO] 심리 데이터 로드 중...
[INFO] Grok 호출 중...
[INFO] 저장 완료: /Users/jerry/dev/market-sentiment-data/brief/latest.json, /Users/jerry/dev/market-sentiment-data/brief/history/2026-05-31_pre_open.json
[INFO] 커밋 완료: brief: 2026-05-31 13:30 update (with context)
[OK] GitHub push 성공
[OK] Brief 수집 + GitHub push 완료 (최신 context 반영됨)
[INFO] 슬롯: post_close, 시각: 2026-05-31T21:30:00Z
[INFO] 기술적 데이터 수집 중...
[INFO] 심리 데이터 로드 중...
[INFO] Grok 호출 중...
[INFO] 저장 완료: /Users/jerry/dev/market-sentiment-data/brief/latest.json, /Users/jerry/dev/market-sentiment-data/brief/history/2026-05-31_post_close.json
[INFO] 커밋 완료: brief: 2026-05-31 21:30 update (with context)
[OK] GitHub push 성공
[OK] Brief 수집 + GitHub push 완료 (최신 context 반영됨)
[INFO] 슬롯: pre_open, 시각: 2026-06-01T13:30:00Z
[INFO] 기술적 데이터 수집 중...
[INFO] 심리 데이터 로드 중...
[INFO] Grok 호출 중...
[INFO] 저장 완료: /Users/jerry/dev/market-sentiment-data/brief/latest.json, /Users/jerry/dev/market-sentiment-data/brief/history/2026-06-01_pre_open.json
[INFO] 커밋 완료: brief: 2026-06-01 13:30 update (with context)
[OK] GitHub push 성공
[OK] Brief 수집 + GitHub push 완료 (최신 context 반영됨)
[INFO] 슬롯: post_close, 시각: 2026-06-01T21:30:01Z
[INFO] 기술적 데이터 수집 중...
[INFO] 심리 데이터 로드 중...
[INFO] Grok 호출 중...
[INFO] 저장 완료: /Users/jerry/dev/market-sentiment-data/brief/latest.json, /Users/jerry/dev/market-sentiment-data/brief/history/2026-06-01_post_close.json
[INFO] 커밋 완료: brief: 2026-06-01 21:30 update (with context)
[OK] GitHub push 성공
[OK] Brief 수집 + GitHub push 완료 (최신 context 반영됨)
[INFO] 슬롯: pre_open, 시각: 2026-06-02T13:30:00Z
[INFO] 기술적 데이터 수집 중...
[INFO] 심리 데이터 로드 중...
[INFO] Grok 호출 중...
[INFO] 저장 완료: /Users/jerry/dev/market-sentiment-data/brief/latest.json, /Users/jerry/dev/market-sentiment-data/brief/history/2026-06-02_pre_open.json
[INFO] 커밋 완료: brief: 2026-06-02 13:30 update (with context)
[OK] GitHub push 성공
[OK] Brief 수집 + GitHub push 완료 (최신 context 반영됨)
[INFO] 슬롯: post_close, 시각: 2026-06-02T21:30:00Z
[INFO] 기술적 데이터 수집 중...
[INFO] 심리 데이터 로드 중...
[INFO] Grok 호출 중...
[INFO] 저장 완료: /Users/jerry/dev/market-sentiment-data/brief/latest.json, /Users/jerry/dev/market-sentiment-data/brief/history/2026-06-02_post_close.json
[INFO] 커밋 완료: brief: 2026-06-02 21:30 update (with context)
[OK] GitHub push 성공
[OK] Brief 수집 + GitHub push 완료 (최신 context 반영됨)
